0 info it worked if it ends with ok
1 verbose cli [ '/usr/local/bin/node', '/usr/local/bin/npm', 'run', 'serve' ]
2 info using npm@4.1.2
3 info using node@v7.7.2
4 verbose run-script [ 'preserve', 'serve', 'postserve' ]
5 info lifecycle userservice@1.0.0~preserve: userservice@1.0.0
6 silly lifecycle userservice@1.0.0~preserve: no script for preserve, continuing
7 info lifecycle userservice@1.0.0~serve: userservice@1.0.0
8 verbose lifecycle userservice@1.0.0~serve: unsafe-perm in lifecycle true
9 verbose lifecycle userservice@1.0.0~serve: PATH: /usr/local/lib/node_modules/npm/bin/node-gyp-bin:/app/node_modules/.bin:/usr/local/sbin:/usr/local/bin:/usr/sbin:/usr/bin:/sbin:/bin
10 verbose lifecycle userservice@1.0.0~serve: CWD: /app
11 silly lifecycle userservice@1.0.0~serve: Args: [ '-c', 'npm run start:dev' ]
12 silly lifecycle userservice@1.0.0~serve: Returned: code: 1  signal: null
13 info lifecycle userservice@1.0.0~serve: Failed to exec serve script
14 verbose stack Error: userservice@1.0.0 serve: `npm run start:dev`
14 verbose stack Exit status 1
14 verbose stack     at EventEmitter.<anonymous> (/usr/local/lib/node_modules/npm/lib/utils/lifecycle.js:279:16)
14 verbose stack     at emitTwo (events.js:106:13)
14 verbose stack     at EventEmitter.emit (events.js:194:7)
14 verbose stack     at ChildProcess.<anonymous> (/usr/local/lib/node_modules/npm/lib/utils/spawn.js:40:14)
14 verbose stack     at emitTwo (events.js:106:13)
14 verbose stack     at ChildProcess.emit (events.js:194:7)
14 verbose stack     at maybeClose (internal/child_process.js:899:16)
14 verbose stack     at Process.ChildProcess._handle.onexit (internal/child_process.js:226:5)
15 verbose pkgid userservice@1.0.0
16 verbose cwd /app
17 error Linux 5.11.0-46-generic
18 error argv "/usr/local/bin/node" "/usr/local/bin/npm" "run" "serve"
19 error node v7.7.2
20 error npm  v4.1.2
21 error code ELIFECYCLE
22 error userservice@1.0.0 serve: `npm run start:dev`
22 error Exit status 1
23 error Failed at the userservice@1.0.0 serve script 'npm run start:dev'.
23 error Make sure you have the latest version of node.js and npm installed.
23 error If you do, this is most likely a problem with the userservice package,
23 error not with npm itself.
23 error Tell the author that this fails on your system:
23 error     npm run start:dev
23 error You can get information on how to open an issue for this project with:
23 error     npm bugs userservice
23 error Or if that isn't available, you can get their info via:
23 error     npm owner ls userservice
23 error There is likely additional logging output above.
24 verbose exit [ 1, true ]
